Requirement already satisfied: moepy in /home/users/lschuster/.local/lib/python3.10/site-packages (1.1.4)
Requirement already satisfied: matplotlib>=3.3.3 in /home/users/lschuster/.local/lib/python3.10/site-packages (from moepy) (3.5.3)
Requirement already satisfied: scipy>=1.6.0 in /home/users/lschuster/.local/lib/python3.10/site-packages (from moepy) (1.9.0)
Requirement already satisfied: pandas>=1.2.0 in /home/users/lschuster/.local/lib/python3.10/site-packages (from moepy) (1.4.3)
Requirement already satisfied: numpy>=1.19.5 in /home/users/lschuster/.local/lib/python3.10/site-packages (from moepy) (1.23.2)
Requirement already satisfied: scikit-learn>=0.24.0 in /home/users/lschuster/.local/lib/python3.10/site-packages (from moepy) (1.1.3)
Requirement already satisfied: tqdm>=4.59.0 in /home/users/lschuster/.local/lib/python3.10/site-packages (from moepy) (4.66.1)
Requirement already satisfied: packaging>=20.0 in /usr/local/pyenv/versions/3.10.9/lib/python3.10/site-packages (from matplotlib>=3.3.3->moepy) (23.0)
Requirement already satisfied: cycler>=0.10 in /home/users/lschuster/.local/lib/python3.10/site-packages (from matplotlib>=3.3.3->moepy) (0.11.0)
Requirement already satisfied: python-dateutil>=2.7 in /home/users/lschuster/.local/lib/python3.10/site-packages (from matplotlib>=3.3.3->moepy) (2.8.2)
Requirement already satisfied: fonttools>=4.22.0 in /home/users/lschuster/.local/lib/python3.10/site-packages (from matplotlib>=3.3.3->moepy) (4.36.0)
Requirement already satisfied: pyparsing>=2.2.1 in /usr/local/pyenv/versions/3.10.9/lib/python3.10/site-packages (from matplotlib>=3.3.3->moepy) (3.0.9)
Requirement already satisfied: kiwisolver>=1.0.1 in /home/users/lschuster/.local/lib/python3.10/site-packages (from matplotlib>=3.3.3->moepy) (1.4.4)
Requirement already satisfied: pillow>=6.2.0 in /home/users/lschuster/.local/lib/python3.10/site-packages (from matplotlib>=3.3.3->moepy) (9.2.0)
Requirement already satisfied: pytz>=2020.1 in /home/users/lschuster/.local/lib/python3.10/site-packages (from pandas>=1.2.0->moepy) (2022.2.1)
Requirement already satisfied: threadpoolctl>=2.0.0 in /home/users/lschuster/.local/lib/python3.10/site-packages (from scikit-learn>=0.24.0->moepy) (3.1.0)
Requirement already satisfied: joblib>=1.0.0 in /home/users/lschuster/.local/lib/python3.10/site-packages (from scikit-learn>=0.24.0->moepy) (1.2.0)
Requirement already satisfied: six>=1.5 in /home/users/lschuster/.local/lib/python3.10/site-packages (from python-dateutil>=2.7->matplotlib>=3.3.3->moepy) (1.16.0)

[notice] A new release of pip available: 22.3.1 -> 23.3.1
[notice] To update, run: pip install --upgrade pip
['Rounce', 'Compagno', 'Zekollari', 'OGGM_v16', 'OGGM-VAS', 'GLIMB', 'Kraaijenbrink', 'James', 'CISM2'] ['model 1', 'model 2', 'model 3', 'model 4', 'model 5', 'model 6', 'model 7', 'model 8', 'model 9']
Traceback (most recent call last):
  File "/home/users/lschuster/GlacierMIP3/2023_exploratory_analysis_notebooks/lowess_percentile_interval_fit_per_region.py", line 83, in <module>
    pd_rgi_stats_w_hugonnet = pd.read_csv(f'{f_path_f}rgi_vs_2020_volume_hugonnet_estimates.csv', index_col = [0])
  File "/home/users/lschuster/.local/lib/python3.10/site-packages/pandas/util/_decorators.py", line 311, in wrapper
    return func(*args, **kwargs)
  File "/home/users/lschuster/.local/lib/python3.10/site-packages/pandas/io/parsers/readers.py", line 680, in read_csv
    return _read(filepath_or_buffer, kwds)
  File "/home/users/lschuster/.local/lib/python3.10/site-packages/pandas/io/parsers/readers.py", line 575, in _read
    parser = TextFileReader(filepath_or_buffer, **kwds)
  File "/home/users/lschuster/.local/lib/python3.10/site-packages/pandas/io/parsers/readers.py", line 934, in __init__
    self._engine = self._make_engine(f, self.engine)
  File "/home/users/lschuster/.local/lib/python3.10/site-packages/pandas/io/parsers/readers.py", line 1218, in _make_engine
    self.handles = get_handle(  # type: ignore[call-overload]
  File "/home/users/lschuster/.local/lib/python3.10/site-packages/pandas/io/common.py", line 786, in get_handle
    handle = open(
FileNotFoundError: [Errno 2] No such file or directory: '/home/users/lschuster/GlacierMIP3/2023_exploratory_analysis_notebooks/figures/rgi_vs_2020_volume_hugonnet_estimates.csv'
srun: error: node11: task 0: Exited with exit code 1
srun: Terminating StepId=420917.0
